Collecting fastapi
  Using cached fastapi-0.136.0-py3-none-any.whl.metadata (28 kB)
Collecting jinja2
  Using cached jinja2-3.1.6-py3-none-any.whl.metadata (2.9 kB)
Collecting python-multipart
  Using cached python_multipart-0.0.26-py3-none-any.whl.metadata (2.1 kB)
Collecting sqlalchemy
  Using cached sqlalchemy-2.0.49-cp313-cp313-win_amd64.whl.metadata (9.8 kB)
Collecting openpyxl
  Using cached openpyxl-3.1.5-py2.py3-none-any.whl.metadata (2.5 kB)
Collecting xlrd
  Using cached xlrd-2.0.2-py2.py3-none-any.whl.metadata (3.5 kB)
Collecting uvicorn[standard]
  Using cached uvicorn-0.45.0-py3-none-any.whl.metadata (6.7 kB)
Collecting starlette>=0.46.0 (from fastapi)
  Using cached starlette-1.0.0-py3-none-any.whl.metadata (6.3 kB)
Collecting pydantic>=2.9.0 (from fastapi)
  Using cached pydantic-2.13.3-py3-none-any.whl.metadata (108 kB)
Collecting typing-extensions>=4.8.0 (from fastapi)
  Using cached typing_extensions-4.15.0-py3-none-any.whl.metadata (3.3 kB)
Collecting typing-inspection>=0.4.2 (from fastapi)
  Using cached typing_inspection-0.4.2-py3-none-any.whl.metadata (2.6 kB)
Collecting annotated-doc>=0.0.2 (from fastapi)
  Using cached annotated_doc-0.0.4-py3-none-any.whl.metadata (6.6 kB)
Collecting click>=7.0 (from uvicorn[standard])
  Using cached click-8.3.2-py3-none-any.whl.metadata (2.6 kB)
Collecting h11>=0.8 (from uvicorn[standard])
  Using cached h11-0.16.0-py3-none-any.whl.metadata (8.3 kB)
Collecting colorama>=0.4 (from uvicorn[standard])
  Using cached colorama-0.4.6-py2.py3-none-any.whl.metadata (17 kB)
Collecting httptools>=0.6.3 (from uvicorn[standard])
  Using cached httptools-0.7.1-cp313-cp313-win_amd64.whl.metadata (3.6 kB)
Collecting python-dotenv>=0.13 (from uvicorn[standard])
  Using cached python_dotenv-1.2.2-py3-none-any.whl.metadata (27 kB)
Collecting pyyaml>=5.1 (from uvicorn[standard])
  Using cached pyyaml-6.0.3-cp313-cp313-win_amd64.whl.metadata (2.4 kB)
Collecting watchfiles>=0.20 (from uvicorn[standard])
  Using cached watchfiles-1.1.1-cp313-cp313-win_amd64.whl.metadata (5.0 kB)
Collecting websockets>=10.4 (from uvicorn[standard])
  Using cached websockets-16.0-cp313-cp313-win_amd64.whl.metadata (7.0 kB)
Collecting MarkupSafe>=2.0 (from jinja2)
  Using cached markupsafe-3.0.3-cp313-cp313-win_amd64.whl.metadata (2.8 kB)
Collecting greenlet>=1 (from sqlalchemy)
  Using cached greenlet-3.4.0-cp313-cp313-win_amd64.whl.metadata (3.8 kB)
Collecting et-xmlfile (from openpyxl)
  Using cached et_xmlfile-2.0.0-py3-none-any.whl.metadata (2.7 kB)
Collecting annotated-types>=0.6.0 (from pydantic>=2.9.0->fastapi)
  Using cached annotated_types-0.7.0-py3-none-any.whl.metadata (15 kB)
Collecting pydantic-core==2.46.3 (from pydantic>=2.9.0->fastapi)
  Using cached pydantic_core-2.46.3-cp313-cp313-win_amd64.whl.metadata (6.7 kB)
Collecting anyio<5,>=3.6.2 (from starlette>=0.46.0->fastapi)
  Using cached anyio-4.13.0-py3-none-any.whl.metadata (4.5 kB)
Collecting idna>=2.8 (from anyio<5,>=3.6.2->starlette>=0.46.0->fastapi)
  Using cached idna-3.11-py3-none-any.whl.metadata (8.4 kB)
Using cached fastapi-0.136.0-py3-none-any.whl (117 kB)
Using cached uvicorn-0.45.0-py3-none-any.whl (69 kB)
Using cached jinja2-3.1.6-py3-none-any.whl (134 kB)
Using cached python_multipart-0.0.26-py3-none-any.whl (28 kB)
Using cached sqlalchemy-2.0.49-cp313-cp313-win_amd64.whl (2.1 MB)
Downloading openpyxl-3.1.5-py2.py3-none-any.whl (250 kB)
Downloading xlrd-2.0.2-py2.py3-none-any.whl (96 kB)
Downloading annotated_doc-0.0.4-py3-none-any.whl (5.3 kB)
Downloading click-8.3.2-py3-none-any.whl (108 kB)
Downloading colorama-0.4.6-py2.py3-none-any.whl (25 kB)
Downloading greenlet-3.4.0-cp313-cp313-win_amd64.whl (238 kB)
Downloading h11-0.16.0-py3-none-any.whl (37 kB)
Downloading httptools-0.7.1-cp313-cp313-win_amd64.whl (85 kB)
Downloading markupsafe-3.0.3-cp313-cp313-win_amd64.whl (15 kB)
Downloading pydantic-2.13.3-py3-none-any.whl (471 kB)
Downloading pydantic_core-2.46.3-cp313-cp313-win_amd64.whl (2.1 MB)
   ---------------------------------------- 2.1/2.1 MB 114.0 kB/s  0:00:18
Downloading annotated_types-0.7.0-py3-none-any.whl (13 kB)
Downloading python_dotenv-1.2.2-py3-none-any.whl (22 kB)
Downloading pyyaml-6.0.3-cp313-cp313-win_amd64.whl (154 kB)
Downloading starlette-1.0.0-py3-none-any.whl (72 kB)
Downloading anyio-4.13.0-py3-none-any.whl (114 kB)
Downloading idna-3.11-py3-none-any.whl (71 kB)
Downloading typing_extensions-4.15.0-py3-none-any.whl (44 kB)
Downloading typing_inspection-0.4.2-py3-none-any.whl (14 kB)
Downloading watchfiles-1.1.1-cp313-cp313-win_amd64.whl (288 kB)
Downloading websockets-16.0-cp313-cp313-win_amd64.whl (178 kB)
Downloading et_xmlfile-2.0.0-py3-none-any.whl (18 kB)
Installing collected packages: xlrd, websockets, typing-extensions, pyyaml, python-multipart, python-dotenv, MarkupSafe, idna, httptools, h11, greenlet, et-xmlfile, colorama, annotated-types, annotated-doc, typing-inspection, sqlalchemy, pydantic-core, openpyxl, jinja2, click, anyio, watchfiles, uvicorn, starlette, pydantic, fastapi

Successfully installed MarkupSafe-3.0.3 annotated-doc-0.0.4 annotated-types-0.7.0 anyio-4.13.0 click-8.3.2 colorama-0.4.6 et-xmlfile-2.0.0 fastapi-0.136.0 greenlet-3.4.0 h11-0.16.0 httptools-0.7.1 idna-3.11 jinja2-3.1.6 openpyxl-3.1.5 pydantic-2.13.3 pydantic-core-2.46.3 python-dotenv-1.2.2 python-multipart-0.0.26 pyyaml-6.0.3 sqlalchemy-2.0.49 starlette-1.0.0 typing-extensions-4.15.0 typing-inspection-0.4.2 uvicorn-0.45.0 watchfiles-1.1.1 websockets-16.0 xlrd-2.0.2
