Collecting fastapi (from -r requirements.txt (line 1))
  Using cached fastapi-0.136.0-py3-none-any.whl.metadata (28 kB)
Collecting jinja2 (from -r requirements.txt (line 3))
  Using cached jinja2-3.1.6-py3-none-any.whl.metadata (2.9 kB)
Collecting python-multipart (from -r requirements.txt (line 4))
  Using cached python_multipart-0.0.26-py3-none-any.whl.metadata (2.1 kB)
Collecting sqlalchemy>=2.0 (from -r requirements.txt (line 5))
  Using cached sqlalchemy-2.0.49-cp313-cp313-win_amd64.whl.metadata (9.8 kB)
Collecting pandas (from -r requirements.txt (line 6))
  Using cached pandas-3.0.2-cp313-cp313-win_amd64.whl.metadata (19 kB)
Collecting openpyxl (from -r requirements.txt (line 7))
  Using cached openpyxl-3.1.5-py2.py3-none-any.whl.metadata (2.5 kB)
Collecting xlrd (from -r requirements.txt (line 8))
  Using cached xlrd-2.0.2-py2.py3-none-any.whl.metadata (3.5 kB)
Collecting uvicorn[standard] (from -r requirements.txt (line 2))
  Using cached uvicorn-0.45.0-py3-none-any.whl.metadata (6.7 kB)
Collecting starlette>=0.46.0 (from fastapi->-r requirements.txt (line 1))
  Using cached starlette-1.0.0-py3-none-any.whl.metadata (6.3 kB)
Collecting pydantic>=2.9.0 (from fastapi->-r requirements.txt (line 1))
  Using cached pydantic-2.13.3-py3-none-any.whl.metadata (108 kB)
Collecting typing-extensions>=4.8.0 (from fastapi->-r requirements.txt (line 1))
  Using cached typing_extensions-4.15.0-py3-none-any.whl.metadata (3.3 kB)
Collecting typing-inspection>=0.4.2 (from fastapi->-r requirements.txt (line 1))
  Using cached typing_inspection-0.4.2-py3-none-any.whl.metadata (2.6 kB)
Collecting annotated-doc>=0.0.2 (from fastapi->-r requirements.txt (line 1))
  Using cached annotated_doc-0.0.4-py3-none-any.whl.metadata (6.6 kB)
Collecting click>=7.0 (from uvicorn[standard]->-r requirements.txt (line 2))
  Using cached click-8.3.2-py3-none-any.whl.metadata (2.6 kB)
Collecting h11>=0.8 (from uvicorn[standard]->-r requirements.txt (line 2))
  Using cached h11-0.16.0-py3-none-any.whl.metadata (8.3 kB)
Collecting colorama>=0.4 (from uvicorn[standard]->-r requirements.txt (line 2))
  Using cached colorama-0.4.6-py2.py3-none-any.whl.metadata (17 kB)
Collecting httptools>=0.6.3 (from uvicorn[standard]->-r requirements.txt (line 2))
  Using cached httptools-0.7.1-cp313-cp313-win_amd64.whl.metadata (3.6 kB)
Collecting python-dotenv>=0.13 (from uvicorn[standard]->-r requirements.txt (line 2))
  Using cached python_dotenv-1.2.2-py3-none-any.whl.metadata (27 kB)
Collecting pyyaml>=5.1 (from uvicorn[standard]->-r requirements.txt (line 2))
  Using cached pyyaml-6.0.3-cp313-cp313-win_amd64.whl.metadata (2.4 kB)
Collecting watchfiles>=0.20 (from uvicorn[standard]->-r requirements.txt (line 2))
  Using cached watchfiles-1.1.1-cp313-cp313-win_amd64.whl.metadata (5.0 kB)
Collecting websockets>=10.4 (from uvicorn[standard]->-r requirements.txt (line 2))
  Using cached websockets-16.0-cp313-cp313-win_amd64.whl.metadata (7.0 kB)
Collecting MarkupSafe>=2.0 (from jinja2->-r requirements.txt (line 3))
  Using cached markupsafe-3.0.3-cp313-cp313-win_amd64.whl.metadata (2.8 kB)
Collecting greenlet>=1 (from sqlalchemy>=2.0->-r requirements.txt (line 5))
  Using cached greenlet-3.4.0-cp313-cp313-win_amd64.whl.metadata (3.8 kB)
Collecting numpy>=1.26.0 (from pandas->-r requirements.txt (line 6))
  Using cached numpy-2.4.4-cp313-cp313-win_amd64.whl.metadata (6.6 kB)
Collecting python-dateutil>=2.8.2 (from pandas->-r requirements.txt (line 6))
  Using cached python_dateutil-2.9.0.post0-py2.py3-none-any.whl.metadata (8.4 kB)
Collecting tzdata (from pandas->-r requirements.txt (line 6))
  Using cached tzdata-2026.1-py2.py3-none-any.whl.metadata (1.4 kB)
Collecting et-xmlfile (from openpyxl->-r requirements.txt (line 7))
  Using cached et_xmlfile-2.0.0-py3-none-any.whl.metadata (2.7 kB)
Collecting annotated-types>=0.6.0 (from pydantic>=2.9.0->fastapi->-r requirements.txt (line 1))
  Using cached annotated_types-0.7.0-py3-none-any.whl.metadata (15 kB)
Collecting pydantic-core==2.46.3 (from pydantic>=2.9.0->fastapi->-r requirements.txt (line 1))
  Using cached pydantic_core-2.46.3-cp313-cp313-win_amd64.whl.metadata (6.7 kB)
Collecting six>=1.5 (from python-dateutil>=2.8.2->pandas->-r requirements.txt (line 6))
  Using cached six-1.17.0-py2.py3-none-any.whl.metadata (1.7 kB)
Collecting anyio<5,>=3.6.2 (from starlette>=0.46.0->fastapi->-r requirements.txt (line 1))
  Using cached anyio-4.13.0-py3-none-any.whl.metadata (4.5 kB)
Collecting idna>=2.8 (from anyio<5,>=3.6.2->starlette>=0.46.0->fastapi->-r requirements.txt (line 1))
  Using cached idna-3.11-py3-none-any.whl.metadata (8.4 kB)
Using cached fastapi-0.136.0-py3-none-any.whl (117 kB)
Using cached uvicorn-0.45.0-py3-none-any.whl (69 kB)
Using cached jinja2-3.1.6-py3-none-any.whl (134 kB)
Using cached python_multipart-0.0.26-py3-none-any.whl (28 kB)
Using cached sqlalchemy-2.0.49-cp313-cp313-win_amd64.whl (2.1 MB)
Downloading pandas-3.0.2-cp313-cp313-win_amd64.whl (9.7 MB)
                                            0.0/9.7 MB ? eta -:--:--
Downloading pandas-3.0.2-cp313-cp313-win_amd64.whl (9.7 MB)
   ----                                     1.0/9.7 MB 22.4 kB/s eta 0:06:29
Resuming download pandas-3.0.2-cp313-cp313-win_amd64.whl (1.0 MB/9.7 MB)
   -------                                  1.8/9.7 MB 15.3 kB/s eta 0:08:36
Resuming download pandas-3.0.2-cp313-cp313-win_amd64.whl (1.8 MB/9.7 MB)
   -------                                  1.8/9.7 MB ? eta -:--:--
Resuming download pandas-3.0.2-cp313-cp313-win_amd64.whl (1.8 MB/9.7 MB)
   -------                                  1.8/9.7 MB ? eta -:--:--
Resuming download pandas-3.0.2-cp313-cp313-win_amd64.whl (1.8 MB/9.7 MB)
